<?xml version="1.0" encoding="UTF-8"?>
<testng-results ignored="0" total="1" passed="1" failed="0" skipped="0">
  <reporter-output>
  </reporter-output>
  <suite started-at="2024-07-07T18:37:05 GMT-05:00" name="Testing Google Apps" finished-at="2024-07-07T18:38:33 GMT-05:00" duration-ms="88186">
    <groups>
    </groups>
    <test started-at="2024-07-07T18:37:05 GMT-05:00" name="Regression" finished-at="2024-07-07T18:38:33 GMT-05:00" duration-ms="88186">
      <class name="com.jds.main.Main">
        <test-method signature="startDriver()[pri:0, instance:com.jds.main.Main@515c6049]" started-at="2024-07-07T18:37:05 GMT-05:00" name="startDriver" finished-at="2024-07-07T18:38:32 GMT-05:00" duration-ms="87013" status="PASS">
          <reporter-output>
          </reporter-output>
        </test-method> <!-- startDriver -->
        <test-method is-config="true" signature="afterClass()[pri:0, instance:com.jds.main.Main@515c6049]" started-at="2024-07-07T18:38:32 GMT-05:00" name="afterClass" finished-at="2024-07-07T18:38:33 GMT-05:00" duration-ms="1118" status="PASS">
          <reporter-output>
          </reporter-output>
        </test-method> <!-- afterClass -->
      </class> <!-- com.jds.main.Main -->
    </test> <!-- Regression -->
  </suite> <!-- Testing Google Apps -->
</testng-results>
