<?xml version="1.0" encoding="UTF-8"?>
<testng-results ignored="0" total="1" passed="1" failed="0" skipped="0">
  <reporter-output>
  </reporter-output>
  <suite started-at="2024-07-07T19:34:40 GMT-05:00" name="Default suite" finished-at="2024-07-07T19:35:51 GMT-05:00" duration-ms="70890">
    <groups>
    </groups>
    <test started-at="2024-07-07T19:34:40 GMT-05:00" name="Default test" finished-at="2024-07-07T19:35:51 GMT-05:00" duration-ms="70890">
      <class name="com.jds.main.Main">
        <test-method signature="startDriver()[pri:0, instance:com.jds.main.Main@515c6049]" started-at="2024-07-07T19:34:40 GMT-05:00" name="startDriver" finished-at="2024-07-07T19:35:50 GMT-05:00" duration-ms="69749" status="PASS">
          <reporter-output>
          </reporter-output>
        </test-method> <!-- startDriver -->
        <test-method is-config="true" signature="afterClass()[pri:0, instance:com.jds.main.Main@515c6049]" started-at="2024-07-07T19:35:50 GMT-05:00" name="afterClass" finished-at="2024-07-07T19:35:51 GMT-05:00" duration-ms="1108" status="PASS">
          <reporter-output>
          </reporter-output>
        </test-method> <!-- afterClass -->
      </class> <!-- com.jds.main.Main -->
    </test> <!-- Default test -->
  </suite> <!-- Default suite -->
</testng-results>
